<?xml version="1.0" encoding="utf-8"?><testsuites name="pytest tests"><testsuite name="pytest" errors="0" failures="0" skipped="0" tests="3" time="3.881" timestamp="2026-04-02T02:15:26.653519+00:00" hostname="agent-env-c7a44e74-6bb5-49f3-9ad0-7bf84b7c834a"><testcase classname="backend.tests.test_agiloft_extraction.TestAgiloftExtraction" name="test_upload_and_extract_excludes_parent_clauses" time="1.563" /><testcase classname="backend.tests.test_agiloft_extraction.TestAgiloftExtraction" name="test_extraction_returns_valid_structure" time="1.558" /><testcase classname="backend.tests.test_agiloft_extraction.TestAgiloftExtraction" name="test_extraction_requires_authentication" time="0.712" /></testsuite></testsuites>