<?xml version="1.0" encoding="utf-8"?><testsuites name="pytest tests"><testsuite name="pytest" errors="0" failures="0" skipped="0" tests="6" time="0.617" timestamp="2026-01-22T21:02:14.349397+00:00" hostname="agent-env-fcf11057-4c63-44a6-9afd-fabb99e0d985"><testcase classname="backend.tests.test_agiloft_integration.TestAgiloftIntegration" name="test_auth_me_endpoint" time="0.290" /><testcase classname="backend.tests.test_agiloft_integration.TestAgiloftIntegration" name="test_agiloft_test_connection_invalid_credentials" time="0.048" /><testcase classname="backend.tests.test_agiloft_integration.TestAgiloftIntegration" name="test_agiloft_compare_clauses_invalid_credentials" time="0.041" /><testcase classname="backend.tests.test_agiloft_integration.TestAgiloftIntegration" name="test_agiloft_compare_clauses_without_auth" time="0.072" /><testcase classname="backend.tests.test_agiloft_integration.TestBackendHealth" name="test_api_root" time="0.035" /><testcase classname="backend.tests.test_agiloft_integration.TestBackendHealth" name="test_clauses_search" time="0.034" /></testsuite></testsuites>