<?xml version="1.0" encoding="utf-8"?><testsuites name="pytest tests"><testsuite name="pytest" errors="0" failures="0" skipped="0" tests="17" time="0.697" timestamp="2026-01-15T21:43:27.433722+00:00" hostname="agent-env-76a8aa13-8ee0-471c-b93d-2e3eeb1ad849"><testcase classname="tests.test_agiloft_integration.TestAgiloftTestConnectionBugFix" name="test_connection_requires_auth" time="0.061" /><testcase classname="tests.test_agiloft_integration.TestAgiloftTestConnectionBugFix" name="test_connection_fails_with_invalid_credentials" time="0.098" /><testcase classname="tests.test_agiloft_integration.TestAgiloftTestConnectionBugFix" name="test_connection_fails_with_unreachable_server" time="0.050" /><testcase classname="tests.test_agiloft_integration.TestAgiloftTestConnectionBugFix" name="test_connection_error_message_is_meaningful" time="0.032" /><testcase classname="tests.test_agiloft_integration.TestAgiloftContractsBugFix" name="test_contracts_requires_auth" time="0.038" /><testcase classname="tests.test_agiloft_integration.TestAgiloftContractsBugFix" name="test_contracts_fails_with_invalid_credentials" time="0.032" /><testcase classname="tests.test_agiloft_integration.TestAgiloftContractsBugFix" name="test_contracts_uses_correct_table_name" time="0.033" /><testcase classname="tests.test_agiloft_integration.TestAgiloftPushClausesBugFix" name="test_push_clauses_requires_auth" time="0.038" /><testcase classname="tests.test_agiloft_integration.TestAgiloftPushClausesBugFix" name="test_push_clauses_fails_with_invalid_credentials" time="0.031" /><testcase classname="tests.test_agiloft_integration.TestAgiloftFieldMapping" name="test_get_field_mapping_requires_auth" time="0.037" /><testcase classname="tests.test_agiloft_integration.TestAgiloftFieldMapping" name="test_get_field_mapping_returns_config" time="0.012" /><testcase classname="tests.test_agiloft_integration.TestAgiloftFieldMapping" name="test_get_field_mapping_includes_endpoints_doc" time="0.010" /><testcase classname="tests.test_agiloft_integration.TestAgiloftFieldMapping" name="test_post_field_mapping_requires_auth" time="0.034" /><testcase classname="tests.test_agiloft_integration.TestAgiloftFieldMapping" name="test_post_field_mapping_updates_config" time="0.030" /><testcase classname="tests.test_agiloft_integration.TestAgiloftFieldMapping" name="test_post_field_mapping_validates_fields" time="0.050" /><testcase classname="tests.test_agiloft_integration.TestAgiloftAnalyzeContract" name="test_analyze_contract_requires_auth" time="0.037" /><testcase classname="tests.test_agiloft_integration.TestAgiloftAnalyzeContract" name="test_analyze_contract_returns_compliance_analysis" time="0.012" /></testsuite></testsuites>