<?xml version="1.0" encoding="utf-8"?><testsuites name="pytest tests"><testsuite name="pytest" errors="0" failures="0" skipped="0" tests="12" time="3.168" timestamp="2026-01-21T22:35:33.565574+00:00" hostname="agent-env-76a8aa13-8ee0-471c-b93d-2e3eeb1ad849"><testcase classname="tests.test_auth_email_password.TestAuthRegistration" name="test_register_new_user_success" time="0.298" /><testcase classname="tests.test_auth_email_password.TestAuthRegistration" name="test_register_duplicate_email_fails" time="0.304" /><testcase classname="tests.test_auth_email_password.TestAuthRegistration" name="test_register_weak_password_fails" time="0.039" /><testcase classname="tests.test_auth_email_password.TestAuthRegistration" name="test_register_invalid_email_fails" time="0.036" /><testcase classname="tests.test_auth_email_password.TestAuthLogin" name="test_login_success" time="0.562" /><testcase classname="tests.test_auth_email_password.TestAuthLogin" name="test_login_invalid_password" time="0.261" /><testcase classname="tests.test_auth_email_password.TestAuthLogin" name="test_login_nonexistent_email" time="0.035" /><testcase classname="tests.test_auth_email_password.TestAuthLogin" name="test_login_with_existing_test_account" time="0.302" /><testcase classname="tests.test_auth_email_password.TestAuthMe" name="test_get_me_authenticated" time="0.268" /><testcase classname="tests.test_auth_email_password.TestAuthMe" name="test_get_me_unauthenticated" time="0.040" /><testcase classname="tests.test_auth_email_password.TestAuthLogout" name="test_logout_clears_session" time="0.283" /><testcase classname="tests.test_auth_email_password.TestAuthIntegration" name="test_full_auth_flow" time="0.607" /></testsuite></testsuites>