<?xml version="1.0" encoding="utf-8"?><testsuites name="pytest tests"><testsuite name="pytest" errors="0" failures="0" skipped="0" tests="19" time="6.114" timestamp="2026-01-27T14:11:44.405145+00:00" hostname="agent-env-fcf11057-4c63-44a6-9afd-fabb99e0d985"><testcase classname="backend.tests.test_bug_fixes.TestAuthAndSetup" name="test_api_root" time="0.090" /><testcase classname="backend.tests.test_bug_fixes.TestAuthAndSetup" name="test_user_registration" time="0.258" /><testcase classname="backend.tests.test_bug_fixes.TestAuthAndSetup" name="test_auth_me" time="0.254" /><testcase classname="backend.tests.test_bug_fixes.TestAnnotations" name="test_create_annotation" time="0.345" /><testcase classname="backend.tests.test_bug_fixes.TestAnnotations" name="test_get_annotations" time="0.016" /><testcase classname="backend.tests.test_bug_fixes.TestAnnotations" name="test_delete_annotation" time="0.077" /><testcase classname="backend.tests.test_bug_fixes.TestPDFExport" name="test_export_pdf_with_clauses" time="0.345" /><testcase classname="backend.tests.test_bug_fixes.TestPDFExport" name="test_export_pdf_empty_clauses" time="0.015" /><testcase classname="backend.tests.test_bug_fixes.TestPDFExport" name="test_export_pdf_unauthenticated" time="0.034" /><testcase classname="backend.tests.test_bug_fixes.TestSaveSearch" name="test_save_search" time="0.289" /><testcase classname="backend.tests.test_bug_fixes.TestSaveSearch" name="test_get_saved_searches" time="0.055" /><testcase classname="backend.tests.test_bug_fixes.TestSaveSearch" name="test_delete_saved_search" time="0.026" /><testcase classname="backend.tests.test_bug_fixes.TestSaveSearch" name="test_save_search_without_query" time="0.014" /><testcase classname="backend.tests.test_bug_fixes.TestClauseSearch" name="test_regular_search" time="0.036" /><testcase classname="backend.tests.test_bug_fixes.TestClauseSearch" name="test_search_with_type_filter" time="0.011" /><testcase classname="backend.tests.test_bug_fixes.TestAISearch" name="test_ai_search_requires_auth" time="0.040" /><testcase classname="backend.tests.test_bug_fixes.TestAISearch" name="test_ai_search_authenticated" time="3.805" /><testcase classname="backend.tests.test_bug_fixes.TestFavorites" name="test_add_favorite" time="0.319" /><testcase classname="backend.tests.test_bug_fixes.TestFavorites" name="test_get_favorites" time="0.016" /></testsuite></testsuites>