<?xml version="1.0" encoding="utf-8"?><testsuites name="pytest tests"><testsuite name="pytest" errors="0" failures="5" skipped="0" tests="19" time="7.508" timestamp="2026-01-27T14:10:30.672153+00:00" hostname="agent-env-fcf11057-4c63-44a6-9afd-fabb99e0d985"><testcase classname="backend.tests.test_bug_fixes.TestAuthAndSetup" name="test_api_root" time="0.106" /><testcase classname="backend.tests.test_bug_fixes.TestAuthAndSetup" name="test_user_registration" time="0.275" /><testcase classname="backend.tests.test_bug_fixes.TestAuthAndSetup" name="test_auth_me" time="0.287" /><testcase classname="backend.tests.test_bug_fixes.TestAnnotations" name="test_create_annotation" time="0.342"><failure message="AssertionError: Failed to create annotation: 520 - Internal Server Error&#10;assert 520 == 200&#10; +  where 520 = &lt;Response [520]&gt;.status_code">backend/tests/test_bug_fixes.py:132: in test_create_annotation
    assert response.status_code == 200, f"Failed to create annotation: {response.status_code} - {response.text}"
E   AssertionError: Failed to create annotation: 520 - Internal Server Error
E   assert 520 == 200
E    +  where 520 = &lt;Response [520]&gt;.status_code</failure></testcase><testcase classname="backend.tests.test_bug_fixes.TestAnnotations" name="test_get_annotations" time="0.017" /><testcase classname="backend.tests.test_bug_fixes.TestAnnotations" name="test_delete_annotation" time="0.014"><failure message="assert 520 == 200&#10; +  where 520 = &lt;Response [520]&gt;.status_code">backend/tests/test_bug_fixes.py:156: in test_delete_annotation
    assert create_response.status_code == 200
E   assert 520 == 200
E    +  where 520 = &lt;Response [520]&gt;.status_code</failure></testcase><testcase classname="backend.tests.test_bug_fixes.TestPDFExport" name="test_export_pdf_with_clauses" time="0.302" /><testcase classname="backend.tests.test_bug_fixes.TestPDFExport" name="test_export_pdf_empty_clauses" time="0.016" /><testcase classname="backend.tests.test_bug_fixes.TestPDFExport" name="test_export_pdf_unauthenticated" time="0.039" /><testcase classname="backend.tests.test_bug_fixes.TestSaveSearch" name="test_save_search" time="0.277"><failure message="AssertionError: Save search failed: 520 - Internal Server Error&#10;assert 520 == 200&#10; +  where 520 = &lt;Response [520]&gt;.status_code">backend/tests/test_bug_fixes.py:271: in test_save_search
    assert response.status_code == 200, f"Save search failed: {response.status_code} - {response.text}"
E   AssertionError: Save search failed: 520 - Internal Server Error
E   assert 520 == 200
E    +  where 520 = &lt;Response [520]&gt;.status_code</failure></testcase><testcase classname="backend.tests.test_bug_fixes.TestSaveSearch" name="test_get_saved_searches" time="0.013" /><testcase classname="backend.tests.test_bug_fixes.TestSaveSearch" name="test_delete_saved_search" time="0.015"><failure message="assert 520 == 200&#10; +  where 520 = &lt;Response [520]&gt;.status_code">backend/tests/test_bug_fixes.py:292: in test_delete_saved_search
    assert create_response.status_code == 200
E   assert 520 == 200
E    +  where 520 = &lt;Response [520]&gt;.status_code</failure></testcase><testcase classname="backend.tests.test_bug_fixes.TestSaveSearch" name="test_save_search_without_query" time="0.014" /><testcase classname="backend.tests.test_bug_fixes.TestClauseSearch" name="test_regular_search" time="0.040" /><testcase classname="backend.tests.test_bug_fixes.TestClauseSearch" name="test_search_with_type_filter" time="0.010" /><testcase classname="backend.tests.test_bug_fixes.TestAISearch" name="test_ai_search_requires_auth" time="0.039" /><testcase classname="backend.tests.test_bug_fixes.TestAISearch" name="test_ai_search_authenticated" time="5.166" /><testcase classname="backend.tests.test_bug_fixes.TestFavorites" name="test_add_favorite" time="0.316"><failure message="AssertionError: Add favorite failed: Internal Server Error&#10;assert 520 == 200&#10; +  where 520 = &lt;Response [520]&gt;.status_code">backend/tests/test_bug_fixes.py:417: in test_add_favorite
    assert response.status_code == 200, f"Add favorite failed: {response.text}"
E   AssertionError: Add favorite failed: Internal Server Error
E   assert 520 == 200
E    +  where 520 = &lt;Response [520]&gt;.status_code</failure></testcase><testcase classname="backend.tests.test_bug_fixes.TestFavorites" name="test_get_favorites" time="0.014" /></testsuite></testsuites>