<?xml version="1.0" encoding="utf-8"?><testsuites name="pytest tests"><testsuite name="pytest" errors="0" failures="0" skipped="0" tests="14" time="8.973" timestamp="2026-01-27T14:52:09.552297+00:00" hostname="agent-env-fcf11057-4c63-44a6-9afd-fabb99e0d985"><testcase classname="backend.tests.test_bug_fixes_v2.TestAISearch" name="test_ai_search_requires_auth" time="0.078" /><testcase classname="backend.tests.test_bug_fixes_v2.TestAISearch" name="test_ai_search_with_auth_returns_results" time="4.298" /><testcase classname="backend.tests.test_bug_fixes_v2.TestAISearch" name="test_ai_search_clauses_have_ai_explanation" time="3.228" /><testcase classname="backend.tests.test_bug_fixes_v2.TestPDFExport" name="test_pdf_export_requires_auth" time="0.065" /><testcase classname="backend.tests.test_bug_fixes_v2.TestPDFExport" name="test_pdf_export_returns_pdf" time="0.115" /><testcase classname="backend.tests.test_bug_fixes_v2.TestPDFExport" name="test_pdf_export_fetches_from_acquisition_gov" time="0.073" /><testcase classname="backend.tests.test_bug_fixes_v2.TestUploadMissingClauses" name="test_upload_missing_clauses_requires_auth" time="0.039" /><testcase classname="backend.tests.test_bug_fixes_v2.TestUploadMissingClauses" name="test_upload_missing_clauses_fetches_from_acquisition_gov" time="0.710" /><testcase classname="backend.tests.test_bug_fixes_v2.TestRegularSearch" name="test_regular_search_works_without_auth" time="0.038" /><testcase classname="backend.tests.test_bug_fixes_v2.TestRegularSearch" name="test_regular_search_with_type_filter" time="0.048" /><testcase classname="backend.tests.test_bug_fixes_v2.TestAuthEndpoints" name="test_auth_me_with_valid_token" time="0.052" /><testcase classname="backend.tests.test_bug_fixes_v2.TestAuthEndpoints" name="test_auth_me_without_token" time="0.043" /><testcase classname="backend.tests.test_bug_fixes_v2.TestClauseEndpoints" name="test_get_clause_by_id" time="0.082" /><testcase classname="backend.tests.test_bug_fixes_v2.TestClauseEndpoints" name="test_get_clause_by_number" time="0.038" /></testsuite></testsuites>