<?xml version="1.0" encoding="utf-8"?><testsuites name="pytest tests"><testsuite name="pytest" errors="0" failures="0" skipped="0" tests="6" time="18.417" timestamp="2026-04-02T18:48:52.562563+00:00" hostname="agent-env-c7a44e74-6bb5-49f3-9ad0-7bf84b7c834a"><testcase classname="backend.tests.test_contract_attachments.TestContractAttachmentsEndpoint" name="test_requires_authentication" time="0.156" /><testcase classname="backend.tests.test_contract_attachments.TestContractAttachmentsEndpoint" name="test_list_attachments_for_contract" time="0.927" /><testcase classname="backend.tests.test_contract_attachments.TestContractAttachmentsEndpoint" name="test_invalid_contract_id" time="0.404" /><testcase classname="backend.tests.test_contract_attachments.TestDownloadAttachmentAndExtract" name="test_requires_authentication" time="0.159" /><testcase classname="backend.tests.test_contract_attachments.TestDownloadAttachmentAndExtract" name="test_download_and_extract_clauses" time="16.259" /><testcase classname="backend.tests.test_contract_attachments.TestDownloadAttachmentAndExtract" name="test_invalid_attachment_id" time="0.435" /></testsuite></testsuites>