<?xml version="1.0" encoding="utf-8"?><testsuites name="pytest tests"><testsuite name="pytest" errors="0" failures="0" skipped="0" tests="14" time="2.195" timestamp="2026-02-02T02:40:50.610234+00:00" hostname="agent-env-8db88eaf-bc22-4ccd-9e7f-284f03cf43d6"><testcase classname="backend.tests.test_iteration_13.TestFormattedClauseEndpoint" name="test_formatted_clause_returns_html_with_styles" time="0.240" /><testcase classname="backend.tests.test_iteration_13.TestFormattedClauseEndpoint" name="test_formatted_clause_has_list_classes" time="0.140" /><testcase classname="backend.tests.test_iteration_13.TestFormattedClauseEndpoint" name="test_formatted_clause_has_proper_indentation_styles" time="0.151" /><testcase classname="backend.tests.test_iteration_13.TestFormattedClauseEndpoint" name="test_formatted_clause_not_block_text" time="0.144" /><testcase classname="backend.tests.test_iteration_13.TestPDFExport" name="test_pdf_export_returns_valid_pdf" time="0.500" /><testcase classname="backend.tests.test_iteration_13.TestPDFExport" name="test_pdf_export_requires_auth" time="0.040" /><testcase classname="backend.tests.test_iteration_13.TestClauseSearch" name="test_search_returns_results" time="0.043" /><testcase classname="backend.tests.test_iteration_13.TestClauseSearch" name="test_search_results_have_type_field" time="0.051" /><testcase classname="backend.tests.test_iteration_13.TestClauseSearch" name="test_search_with_type_filter" time="0.048" /><testcase classname="backend.tests.test_iteration_13.TestClauseDetail" name="test_get_clause_by_number" time="0.183" /><testcase classname="backend.tests.test_iteration_13.TestClauseDetail" name="test_clause_has_required_fields" time="0.150" /><testcase classname="backend.tests.test_iteration_13.TestIndentationDetection" name="test_detect_level_a_pattern" time="0.148" /><testcase classname="backend.tests.test_iteration_13.TestIndentationDetection" name="test_detect_level_1_pattern" time="0.144" /><testcase classname="backend.tests.test_iteration_13.TestIndentationDetection" name="test_detect_level_i_pattern" time="0.143" /></testsuite></testsuites>