<?xml version="1.0" encoding="utf-8"?><testsuites name="pytest tests"><testsuite name="pytest" errors="0" failures="0" skipped="0" tests="14" time="5.896" timestamp="2026-01-27T15:12:25.496440+00:00" hostname="agent-env-fcf11057-4c63-44a6-9afd-fabb99e0d985"><testcase classname="backend.tests.test_iteration_12.TestSyncFullText" name="test_sync_full_text_requires_auth" time="0.060" /><testcase classname="backend.tests.test_iteration_12.TestSyncFullText" name="test_sync_full_text_with_auth" time="1.257" /><testcase classname="backend.tests.test_iteration_12.TestBatchExport" name="test_batch_export_requires_auth" time="0.039" /><testcase classname="backend.tests.test_iteration_12.TestBatchExport" name="test_batch_export_json_with_full_text" time="0.042" /><testcase classname="backend.tests.test_iteration_12.TestBatchExport" name="test_batch_export_fetches_from_acquisition_gov" time="0.042" /><testcase classname="backend.tests.test_iteration_12.TestBatchExport" name="test_batch_export_pdf_format" time="0.100" /><testcase classname="backend.tests.test_iteration_12.TestBatchExport" name="test_batch_export_csv_format" time="0.041" /><testcase classname="backend.tests.test_iteration_12.TestSyncFromAcquisitionGov" name="test_sync_from_acquisition_gov_requires_auth" time="0.040" /><testcase classname="backend.tests.test_iteration_12.TestSyncFromAcquisitionGov" name="test_sync_from_acquisition_gov_with_auth" time="3.937" /><testcase classname="backend.tests.test_iteration_12.TestAgiloftEndpoints" name="test_agiloft_test_connection_requires_auth" time="0.071" /><testcase classname="backend.tests.test_iteration_12.TestAgiloftEndpoints" name="test_agiloft_compare_clauses_requires_auth" time="0.078" /><testcase classname="backend.tests.test_iteration_12.TestAgiloftEndpoints" name="test_agiloft_upload_missing_requires_auth" time="0.039" /><testcase classname="backend.tests.test_iteration_12.TestClauseSearch" name="test_clause_search_works" time="0.042" /><testcase classname="backend.tests.test_iteration_12.TestClauseSearch" name="test_get_clause_by_number" time="0.046" /></testsuite></testsuites>