<?xml version="1.0" encoding="utf-8"?><testsuites name="pytest tests"><testsuite name="pytest" errors="0" failures="2" skipped="0" tests="14" time="35.459" timestamp="2026-01-27T15:11:31.067209+00:00" hostname="agent-env-fcf11057-4c63-44a6-9afd-fabb99e0d985"><testcase classname="backend.tests.test_iteration_12.TestSyncFullText" name="test_sync_full_text_requires_auth" time="7.206" /><testcase classname="backend.tests.test_iteration_12.TestSyncFullText" name="test_sync_full_text_with_auth" time="20.077" /><testcase classname="backend.tests.test_iteration_12.TestBatchExport" name="test_batch_export_requires_auth" time="3.116" /><testcase classname="backend.tests.test_iteration_12.TestBatchExport" name="test_batch_export_json_with_full_text" time="0.069" /><testcase classname="backend.tests.test_iteration_12.TestBatchExport" name="test_batch_export_fetches_from_acquisition_gov" time="0.583" /><testcase classname="backend.tests.test_iteration_12.TestBatchExport" name="test_batch_export_pdf_format" time="0.065" /><testcase classname="backend.tests.test_iteration_12.TestBatchExport" name="test_batch_export_csv_format" time="0.041" /><testcase classname="backend.tests.test_iteration_12.TestSyncFromAcquisitionGov" name="test_sync_from_acquisition_gov_requires_auth" time="0.037" /><testcase classname="backend.tests.test_iteration_12.TestSyncFromAcquisitionGov" name="test_sync_from_acquisition_gov_with_auth" time="3.946" /><testcase classname="backend.tests.test_iteration_12.TestAgiloftEndpoints" name="test_agiloft_test_connection_requires_auth" time="0.063" /><testcase classname="backend.tests.test_iteration_12.TestAgiloftEndpoints" name="test_agiloft_compare_clauses_requires_auth" time="0.038"><failure message="AssertionError: Expected 401, got 422&#10;assert 422 == 401&#10; +  where 422 = &lt;Response [422]&gt;.status_code">backend/tests/test_iteration_12.py:205: in test_agiloft_compare_clauses_requires_auth
    assert response.status_code == 401, f"Expected 401, got {response.status_code}"
E   AssertionError: Expected 401, got 422
E   assert 422 == 401
E    +  where 422 = &lt;Response [422]&gt;.status_code</failure></testcase><testcase classname="backend.tests.test_iteration_12.TestAgiloftEndpoints" name="test_agiloft_upload_missing_requires_auth" time="0.040"><failure message="AssertionError: Expected 401, got 422&#10;assert 422 == 401&#10; +  where 422 = &lt;Response [422]&gt;.status_code">backend/tests/test_iteration_12.py:220: in test_agiloft_upload_missing_requires_auth
    assert response.status_code == 401, f"Expected 401, got {response.status_code}"
E   AssertionError: Expected 401, got 422
E   assert 422 == 401
E    +  where 422 = &lt;Response [422]&gt;.status_code</failure></testcase><testcase classname="backend.tests.test_iteration_12.TestClauseSearch" name="test_clause_search_works" time="0.045" /><testcase classname="backend.tests.test_iteration_12.TestClauseSearch" name="test_get_clause_by_number" time="0.043" /></testsuite></testsuites>