<?xml version="1.0" encoding="utf-8"?><testsuites name="pytest tests"><testsuite name="pytest" errors="0" failures="0" skipped="0" tests="33" time="1.147" timestamp="2026-01-14T22:24:56.329402+00:00" hostname="agent-env-76a8aa13-8ee0-471c-b93d-2e3eeb1ad849"><testcase classname="tests.test_backend_regression.TestRootEndpoint" name="test_root_returns_200" time="0.074" /><testcase classname="tests.test_backend_regression.TestRootEndpoint" name="test_root_returns_api_info" time="0.048" /><testcase classname="tests.test_backend_regression.TestClauseSearch" name="test_search_returns_200" time="0.011" /><testcase classname="tests.test_backend_regression.TestClauseSearch" name="test_search_returns_clauses_array" time="0.009" /><testcase classname="tests.test_backend_regression.TestClauseSearch" name="test_search_with_specific_query" time="0.049" /><testcase classname="tests.test_backend_regression.TestClauseSearch" name="test_search_with_type_filter" time="0.010" /><testcase classname="tests.test_backend_regression.TestClauseSearch" name="test_search_with_limit" time="0.009" /><testcase classname="tests.test_backend_regression.TestClauseById" name="test_get_clause_by_valid_id" time="0.058" /><testcase classname="tests.test_backend_regression.TestClauseById" name="test_get_clause_by_invalid_id" time="0.008" /><testcase classname="tests.test_backend_regression.TestClauseByNumber" name="test_get_clause_by_valid_number" time="0.049" /><testcase classname="tests.test_backend_regression.TestClauseByNumber" name="test_get_dfars_clause_by_number" time="0.008" /><testcase classname="tests.test_backend_regression.TestFlowdownAnalysis" name="test_flowdown_requires_auth" time="0.038" /><testcase classname="tests.test_backend_regression.TestFlowdownAnalysis" name="test_flowdown_with_auth" time="0.010" /><testcase classname="tests.test_backend_regression.TestFlowdownAnalysis" name="test_flowdown_with_high_value_contract" time="0.011" /><testcase classname="tests.test_backend_regression.TestBatchExport" name="test_batch_export_requires_auth" time="0.036" /><testcase classname="tests.test_backend_regression.TestBatchExport" name="test_batch_export_json_format" time="0.009" /><testcase classname="tests.test_backend_regression.TestBatchExport" name="test_batch_export_multiple_clauses" time="0.009" /><testcase classname="tests.test_backend_regression.TestFlowdownReportExport" name="test_flowdown_report_requires_auth" time="0.038" /><testcase classname="tests.test_backend_regression.TestFlowdownReportExport" name="test_flowdown_report_with_auth" time="0.016" /><testcase classname="tests.test_backend_regression.TestAgiloftTestConnection" name="test_agiloft_connection_requires_auth" time="0.042" /><testcase classname="tests.test_backend_regression.TestAgiloftTestConnection" name="test_agiloft_connection_with_invalid_credentials" time="0.066" /><testcase classname="tests.test_backend_regression.TestAgiloftContracts" name="test_agiloft_contracts_requires_auth" time="0.034" /><testcase classname="tests.test_backend_regression.TestAgiloftContracts" name="test_agiloft_contracts_returns_response" time="0.030" /><testcase classname="tests.test_backend_regression.TestAgiloftAnalyzeContract" name="test_agiloft_analyze_requires_auth" time="0.034" /><testcase classname="tests.test_backend_regression.TestAgiloftAnalyzeContract" name="test_agiloft_analyze_contract_returns_analysis" time="0.010" /><testcase classname="tests.test_backend_regression.TestAuthEndpoints" name="test_auth_me_without_token" time="0.078" /><testcase classname="tests.test_backend_regression.TestAuthEndpoints" name="test_auth_me_with_valid_token" time="0.050" /><testcase classname="tests.test_backend_regression.TestUserEndpoints" name="test_favorites_requires_auth" time="0.032" /><testcase classname="tests.test_backend_regression.TestUserEndpoints" name="test_favorites_with_auth" time="0.050" /><testcase classname="tests.test_backend_regression.TestUserEndpoints" name="test_saved_searches_requires_auth" time="0.078" /><testcase classname="tests.test_backend_regression.TestUserEndpoints" name="test_saved_searches_with_auth" time="0.010" /><testcase classname="tests.test_backend_regression.TestUserEndpoints" name="test_annotations_requires_auth" time="0.032" /><testcase classname="tests.test_backend_regression.TestUserEndpoints" name="test_annotations_with_auth" time="0.009" /></testsuite></testsuites>