<?xml version="1.0" encoding="utf-8"?><testsuites name="pytest tests"><testsuite name="pytest" errors="0" failures="2" skipped="0" tests="33" time="1.256" timestamp="2026-01-14T22:24:16.679827+00:00" hostname="agent-env-76a8aa13-8ee0-471c-b93d-2e3eeb1ad849"><testcase classname="tests.test_backend_regression.TestRootEndpoint" name="test_root_returns_200" time="0.081" /><testcase classname="tests.test_backend_regression.TestRootEndpoint" name="test_root_returns_api_info" time="0.049" /><testcase classname="tests.test_backend_regression.TestClauseSearch" name="test_search_returns_200" time="0.016" /><testcase classname="tests.test_backend_regression.TestClauseSearch" name="test_search_returns_clauses_array" time="0.052" /><testcase classname="tests.test_backend_regression.TestClauseSearch" name="test_search_with_specific_query" time="0.012" /><testcase classname="tests.test_backend_regression.TestClauseSearch" name="test_search_with_type_filter" time="0.011" /><testcase classname="tests.test_backend_regression.TestClauseSearch" name="test_search_with_limit" time="0.011" /><testcase classname="tests.test_backend_regression.TestClauseById" name="test_get_clause_by_valid_id" time="0.063" /><testcase classname="tests.test_backend_regression.TestClauseById" name="test_get_clause_by_invalid_id" time="0.015" /><testcase classname="tests.test_backend_regression.TestClauseByNumber" name="test_get_clause_by_valid_number" time="0.051" /><testcase classname="tests.test_backend_regression.TestClauseByNumber" name="test_get_dfars_clause_by_number" time="0.012" /><testcase classname="tests.test_backend_regression.TestFlowdownAnalysis" name="test_flowdown_requires_auth" time="0.038" /><testcase classname="tests.test_backend_regression.TestFlowdownAnalysis" name="test_flowdown_with_auth" time="0.013" /><testcase classname="tests.test_backend_regression.TestFlowdownAnalysis" name="test_flowdown_with_high_value_contract" time="0.011" /><testcase classname="tests.test_backend_regression.TestBatchExport" name="test_batch_export_requires_auth" time="0.038" /><testcase classname="tests.test_backend_regression.TestBatchExport" name="test_batch_export_json_format" time="0.009" /><testcase classname="tests.test_backend_regression.TestBatchExport" name="test_batch_export_multiple_clauses" time="0.011" /><testcase classname="tests.test_backend_regression.TestFlowdownReportExport" name="test_flowdown_report_requires_auth" time="0.075" /><testcase classname="tests.test_backend_regression.TestFlowdownReportExport" name="test_flowdown_report_with_auth" time="0.023" /><testcase classname="tests.test_backend_regression.TestAgiloftTestConnection" name="test_agiloft_connection_requires_auth" time="0.038" /><testcase classname="tests.test_backend_regression.TestAgiloftTestConnection" name="test_agiloft_connection_with_invalid_credentials" time="0.119"><failure message="assert 520 in [401, 500]&#10; +  where 520 = &lt;Response [520]&gt;.status_code">tests/test_backend_regression.py:309: in test_agiloft_connection_with_invalid_credentials
    assert response.status_code in [401, 500]
E   assert 520 in [401, 500]
E    +  where 520 = &lt;Response [520]&gt;.status_code</failure></testcase><testcase classname="tests.test_backend_regression.TestAgiloftContracts" name="test_agiloft_contracts_requires_auth" time="0.039" /><testcase classname="tests.test_backend_regression.TestAgiloftContracts" name="test_agiloft_contracts_returns_demo_data" time="0.032"><failure message="assert False == True">tests/test_backend_regression.py:348: in test_agiloft_contracts_returns_demo_data
    assert result["success"] == True
E   assert False == True</failure></testcase><testcase classname="tests.test_backend_regression.TestAgiloftAnalyzeContract" name="test_agiloft_analyze_requires_auth" time="0.035" /><testcase classname="tests.test_backend_regression.TestAgiloftAnalyzeContract" name="test_agiloft_analyze_contract_returns_analysis" time="0.011" /><testcase classname="tests.test_backend_regression.TestAuthEndpoints" name="test_auth_me_without_token" time="0.036" /><testcase classname="tests.test_backend_regression.TestAuthEndpoints" name="test_auth_me_with_valid_token" time="0.016" /><testcase classname="tests.test_backend_regression.TestUserEndpoints" name="test_favorites_requires_auth" time="0.034" /><testcase classname="tests.test_backend_regression.TestUserEndpoints" name="test_favorites_with_auth" time="0.010" /><testcase classname="tests.test_backend_regression.TestUserEndpoints" name="test_saved_searches_requires_auth" time="0.033" /><testcase classname="tests.test_backend_regression.TestUserEndpoints" name="test_saved_searches_with_auth" time="0.052" /><testcase classname="tests.test_backend_regression.TestUserEndpoints" name="test_annotations_requires_auth" time="0.037" /><testcase classname="tests.test_backend_regression.TestUserEndpoints" name="test_annotations_with_auth" time="0.010" /></testsuite></testsuites>