<?xml version="1.0" encoding="utf-8"?><testsuites name="pytest tests"><testsuite name="pytest" errors="0" failures="0" skipped="0" tests="12" time="4.644" timestamp="2026-04-01T21:25:44.290701+00:00" hostname="agent-env-c7a44e74-6bb5-49f3-9ad0-7bf84b7c834a"><testcase classname="backend.tests.test_soap_integration.TestHealthCheck" name="test_root_endpoint_returns_200" time="0.285" /><testcase classname="backend.tests.test_soap_integration.TestAuthentication" name="test_login_with_valid_credentials" time="0.364" /><testcase classname="backend.tests.test_soap_integration.TestAuthentication" name="test_login_with_invalid_credentials" time="0.118" /><testcase classname="backend.tests.test_soap_integration.TestClauseSearch" name="test_search_returns_results" time="0.147" /><testcase classname="backend.tests.test_soap_integration.TestClauseSearch" name="test_search_with_type_filter" time="0.160" /><testcase classname="backend.tests.test_soap_integration.TestSOAPLinkClausesToContract" name="test_link_clauses_requires_auth" time="0.106" /><testcase classname="backend.tests.test_soap_integration.TestSOAPLinkClausesToContract" name="test_link_clauses_returns_clean_error_for_invalid_agiloft_creds" time="1.268" /><testcase classname="backend.tests.test_soap_integration.TestSOAPLinkClausesToContract" name="test_link_clauses_accepts_valid_request_structure" time="0.477" /><testcase classname="backend.tests.test_soap_integration.TestSOAPCreateMissingAndLink" name="test_create_missing_and_link_requires_auth" time="0.111" /><testcase classname="backend.tests.test_soap_integration.TestSOAPCreateMissingAndLink" name="test_create_missing_and_link_returns_clean_error_for_invalid_agiloft_creds" time="0.546" /><testcase classname="backend.tests.test_soap_integration.TestSOAPCreateMissingAndLink" name="test_create_missing_and_link_accepts_valid_request_structure" time="0.568" /><testcase classname="backend.tests.test_soap_integration.TestSOAPMethodField" name="test_link_clauses_response_indicates_soap_method" time="0.428" /></testsuite></testsuites>